SF:lib\logic\revocation_service.dart
DA:8,1
DA:11,1
DA:12,2
DA:13,1
LF:4
LH:4
end_of_record
SF:lib\models\trusted_device.dart
DA:10,1
DA:18,0
DA:20,0
DA:21,0
DA:22,0
DA:23,0
DA:24,0
DA:25,0
DA:28,0
DA:29,0
DA:30,0
DA:31,0
DA:32,0
DA:33,0
LF:14
LH:1
end_of_record
SF:lib\ui\device_management_screen.dart
DA:10,2
DA:12,1
DA:13,1
DA:20,1
DA:22,1
DA:23,6
DA:26,0
DA:27,0
DA:30,1
DA:31,1
DA:32,0
DA:36,5
DA:37,0
DA:39,0
DA:41,0
DA:43,0
DA:44,0
DA:45,0
DA:46,0
DA:47,0
DA:48,0
DA:50,0
DA:51,0
DA:55,0
DA:57,0
DA:60,0
DA:62,0
DA:66,1
DA:68,1
DA:69,1
DA:70,1
DA:71,2
DA:72,1
DA:73,2
DA:74,2
DA:75,1
DA:76,2
DA:77,1
DA:78,2
DA:79,0
DA:82,3
DA:84,1
DA:85,1
DA:87,2
LF:44
LH:25
end_of_record
SF:lib\ui\revoke_confirmation_dialog.dart
DA:6,2
DA:8,2
DA:9,2
DA:17,1
DA:19,2
DA:20,1
DA:23,2
DA:24,4
DA:25,10
DA:26,4
DA:30,0
DA:31,0
DA:34,0
DA:35,0
DA:38,2
DA:40,2
DA:41,2
DA:42,2
DA:43,2
DA:45,2
DA:46,2
DA:47,6
DA:50,2
DA:51,2
DA:54,2
DA:55,2
DA:56,2
DA:65,2
DA:66,2
DA:67,2
DA:68,4
DA:69,8
LF:32
LH:28
end_of_record
